<?xml version="1.0" encoding="UTF-8"?>
<coverage generated="1526968719519" clover="3.2.0">
  <project timestamp="1526968719519" name="All files">
    <metrics statements="81" coveredstatements="72" conditionals="64" coveredconditionals="57" methods="41" coveredmethods="35" elements="186" coveredelements="164" complexity="0" loc="81" ncloc="81" packages="4" files="8" classes="8">
      <package name="rn-clock-angle">
        <metrics statements="34" coveredstatements="27" conditionals="18" coveredconditionals="17" methods="23" coveredmethods="18"/>
        <file name="App.js" path="C:\rn-clock-angle\App.js">
          <metrics statements="34" coveredstatements="27" conditionals="16" coveredconditionals="16" methods="23" coveredmethods="18"/>
          <line num="15" count="1" type="stmt"/>
          <line num="16" count="1" type="stmt"/>
          <line num="23" count="1" type="stmt"/>
          <line num="30" count="1" type="stmt"/>
          <line num="31" count="0" type="stmt"/>
          <line num="32" count="0" type="stmt"/>
          <line num="45" count="0" type="stmt"/>
          <line num="52" count="2" type="stmt"/>
          <line num="61" count="6" type="stmt"/>
          <line num="62" count="6" type="cond" truecount="2" falsecount="0"/>
          <line num="63" count="3" type="stmt"/>
          <line num="64" count="3" type="stmt"/>
          <line num="71" count="3" type="stmt"/>
          <line num="72" count="0" type="stmt"/>
          <line num="73" count="0" type="stmt"/>
          <line num="79" count="3" type="stmt"/>
          <line num="94" count="5" type="stmt"/>
          <line num="99" count="6" type="stmt"/>
          <line num="105" count="0" type="stmt"/>
          <line num="107" count="72" type="stmt"/>
          <line num="108" count="72" type="stmt"/>
          <line num="117" count="5" type="stmt"/>
          <line num="122" count="6" type="stmt"/>
          <line num="128" count="0" type="stmt"/>
          <line num="130" count="360" type="stmt"/>
          <line num="131" count="360" type="stmt"/>
          <line num="147" count="9" type="stmt"/>
          <line num="148" count="9" type="cond" truecount="2" falsecount="0"/>
          <line num="149" count="4" type="stmt"/>
          <line num="151" count="5" type="cond" truecount="2" falsecount="0"/>
          <line num="158" count="9" type="stmt"/>
          <line num="159" count="9" type="stmt"/>
          <line num="182" count="6" type="stmt"/>
          <line num="206" count="2" type="stmt"/>
        </file>
        <file name="App.styles.js" path="C:\rn-clock-angle\App.styles.js">
          <metrics statements="0" coveredstatements="0" conditionals="2" coveredconditionals="1" methods="0" coveredmethods="0"/>
        </file>
      </package>
      <package name="rn-clock-angle.src.components.Clock">
        <metrics statements="18" coveredstatements="18" conditionals="14" coveredconditionals="8" methods="13" coveredmethods="13"/>
        <file name="Clock.config.js" path="C:\rn-clock-angle\src\components\Clock\Clock.config.js">
          <metrics statements="0" coveredstatements="0" conditionals="0" coveredconditionals="0" methods="0" coveredmethods="0"/>
        </file>
        <file name="Clock.js" path="C:\rn-clock-angle\src\components\Clock\Clock.js">
          <metrics statements="18" coveredstatements="18" conditionals="14" coveredconditionals="8" methods="13" coveredmethods="13"/>
          <line num="13" count="11" type="stmt"/>
          <line num="15" count="11" type="stmt"/>
          <line num="16" count="6" type="stmt"/>
          <line num="23" count="11" type="stmt"/>
          <line num="32" count="11" type="stmt"/>
          <line num="39" count="11" type="stmt"/>
          <line num="53" count="11" type="stmt"/>
          <line num="67" count="11" type="stmt"/>
          <line num="81" count="6" type="stmt"/>
          <line num="102" count="10" type="stmt"/>
          <line num="103" count="10" type="stmt"/>
          <line num="114" count="10" type="stmt"/>
          <line num="115" count="10" type="stmt"/>
          <line num="126" count="10" type="stmt"/>
          <line num="127" count="10" type="cond" truecount="2" falsecount="0"/>
          <line num="128" count="5" type="stmt"/>
          <line num="140" count="10" type="stmt"/>
          <line num="155" count="2" type="stmt"/>
        </file>
        <file name="Clock.styles.js" path="C:\rn-clock-angle\src\components\Clock\Clock.styles.js">
          <metrics statements="0" coveredstatements="0" conditionals="0" coveredconditionals="0" methods="0" coveredmethods="0"/>
        </file>
      </package>
      <package name="rn-clock-angle.src.images">
        <metrics statements="1" coveredstatements="1" conditionals="0" coveredconditionals="0" methods="0" coveredmethods="0"/>
        <file name="mockLogo.jpg" path="C:\rn-clock-angle\src\images\mockLogo.jpg">
          <metrics statements="1" coveredstatements="1" conditionals="0" coveredconditionals="0" methods="0" coveredmethods="0"/>
          <line num="1" count="1" type="stmt"/>
        </file>
      </package>
      <package name="rn-clock-angle.src.utils">
        <metrics statements="28" coveredstatements="26" conditionals="32" coveredconditionals="32" methods="5" coveredmethods="4"/>
        <file name="angleUtils.js" path="C:\rn-clock-angle\src\utils\angleUtils.js">
          <metrics statements="13" coveredstatements="11" conditionals="14" coveredconditionals="14" methods="2" coveredmethods="1"/>
          <line num="1" count="2" type="stmt"/>
          <line num="2" count="29" type="cond" truecount="2" falsecount="0"/>
          <line num="3" count="26" type="cond" truecount="4" falsecount="0"/>
          <line num="4" count="25" type="cond" truecount="2" falsecount="0"/>
          <line num="5" count="24" type="cond" truecount="4" falsecount="0"/>
          <line num="7" count="22" type="stmt"/>
          <line num="8" count="22" type="stmt"/>
          <line num="10" count="22" type="cond" truecount="2" falsecount="0"/>
          <line num="11" count="9" type="stmt"/>
          <line num="17" count="13" type="stmt"/>
          <line num="23" count="2" type="stmt"/>
          <line num="24" count="0" type="stmt"/>
          <line num="25" count="0" type="stmt"/>
        </file>
        <file name="timeUtils.js" path="C:\rn-clock-angle\src\utils\timeUtils.js">
          <metrics statements="15" coveredstatements="15" conditionals="18" coveredconditionals="18" methods="3" coveredmethods="3"/>
          <line num="5" count="2" type="stmt"/>
          <line num="6" count="27" type="cond" truecount="2" falsecount="0"/>
          <line num="7" count="13" type="cond" truecount="2" falsecount="0"/>
          <line num="8" count="12" type="cond" truecount="2" falsecount="0"/>
          <line num="9" count="11" type="stmt"/>
          <line num="16" count="2" type="stmt"/>
          <line num="17" count="33" type="cond" truecount="2" falsecount="0"/>
          <line num="18" count="18" type="cond" truecount="2" falsecount="0"/>
          <line num="19" count="17" type="cond" truecount="2" falsecount="0"/>
          <line num="20" count="16" type="stmt"/>
          <line num="27" count="2" type="stmt"/>
          <line num="28" count="9" type="cond" truecount="2" falsecount="0"/>
          <line num="29" count="4" type="cond" truecount="2" falsecount="0"/>
          <line num="30" count="3" type="cond" truecount="2" falsecount="0"/>
          <line num="31" count="2" type="stmt"/>
        </file>
      </package>
    </metrics>
  </project>
</coverage>
