{"C:\\rn-clock-angle\\App.js": {"path":"C:\\rn-clock-angle\\App.js","statementMap":{"0":{"start":{"line":15,"column":4},"end":{"line":15,"column":16}},"1":{"start":{"line":16,"column":4},"end":{"line":22,"column":5}},"2":{"start":{"line":23,"column":4},"end":{"line":23,"column":26}},"3":{"start":{"line":30,"column":4},"end":{"line":37,"column":12}},"4":{"start":{"line":31,"column":16},"end":{"line":31,"column":26}},"5":{"start":{"line":32,"column":6},"end":{"line":36,"column":8}},"6":{"start":{"line":45,"column":4},"end":{"line":45,"column":41}},"7":{"start":{"line":52,"column":26},"end":{"line":54,"column":5}},"8":{"start":{"line":52,"column":54},"end":{"line":54,"column":3}},"9":{"start":{"line":61,"column":29},"end":{"line":85,"column":4}},"10":{"start":{"line":62,"column":4},"end":{"line":69,"column":5}},"11":{"start":{"line":63,"column":6},"end":{"line":63,"column":36}},"12":{"start":{"line":64,"column":6},"end":{"line":68,"column":7}},"13":{"start":{"line":71,"column":4},"end":{"line":78,"column":12}},"14":{"start":{"line":72,"column":16},"end":{"line":72,"column":26}},"15":{"start":{"line":73,"column":6},"end":{"line":77,"column":8}},"16":{"start":{"line":79,"column":4},"end":{"line":84,"column":5}},"17":{"start":{"line":94,"column":4},"end":{"line":96,"column":11}},"18":{"start":{"line":99,"column":4},"end":{"line":114,"column":13}},"19":{"start":{"line":105,"column":29},"end":{"line":105,"column":66}},"20":{"start":{"line":107,"column":39},"end":{"line":107,"column":40}},"21":{"start":{"line":108,"column":8},"end":{"line":112,"column":10}},"22":{"start":{"line":117,"column":4},"end":{"line":119,"column":11}},"23":{"start":{"line":122,"column":4},"end":{"line":137,"column":13}},"24":{"start":{"line":128,"column":31},"end":{"line":128,"column":72}},"25":{"start":{"line":130,"column":39},"end":{"line":130,"column":40}},"26":{"start":{"line":131,"column":8},"end":{"line":135,"column":10}},"27":{"start":{"line":147,"column":60},"end":{"line":147,"column":70}},"28":{"start":{"line":148,"column":4},"end":{"line":150,"column":5}},"29":{"start":{"line":149,"column":6},"end":{"line":149,"column":34}},"30":{"start":{"line":151,"column":4},"end":{"line":151,"column":36}},"31":{"start":{"line":158,"column":8},"end":{"line":158,"column":18}},"32":{"start":{"line":159,"column":4},"end":{"line":259,"column":5}},"33":{"start":{"line":182,"column":39},"end":{"line":182,"column":64}},"34":{"start":{"line":206,"column":41},"end":{"line":206,"column":63}}},"fnMap":{"0":{"name":"(anonymous_0)","decl":{"start":{"line":14,"column":2},"end":{"line":14,"column":3}},"loc":{"start":{"line":14,"column":21},"end":{"line":24,"column":3}},"line":14},"1":{"name":"(anonymous_1)","decl":{"start":{"line":29,"column":2},"end":{"line":29,"column":3}},"loc":{"start":{"line":29,"column":22},"end":{"line":38,"column":3}},"line":29},"2":{"name":"(anonymous_2)","decl":{"start":{"line":30,"column":34},"end":{"line":30,"column":35}},"loc":{"start":{"line":30,"column":40},"end":{"line":37,"column":5}},"line":30},"3":{"name":"(anonymous_3)","decl":{"start":{"line":44,"column":2},"end":{"line":44,"column":3}},"loc":{"start":{"line":44,"column":25},"end":{"line":46,"column":3}},"line":44},"4":{"name":"(anonymous_4)","decl":{"start":{"line":52,"column":20},"end":{"line":52,"column":21}},"loc":{"start":{"line":52,"column":26},"end":{"line":54,"column":5}},"line":52},"5":{"name":"(anonymous_5)","decl":{"start":{"line":52,"column":40},"end":{"line":52,"column":41}},"loc":{"start":{"line":52,"column":54},"end":{"line":54,"column":3}},"line":52},"6":{"name":"(anonymous_6)","decl":{"start":{"line":61,"column":23},"end":{"line":61,"column":24}},"loc":{"start":{"line":61,"column":29},"end":{"line":85,"column":4}},"line":61},"7":{"name":"(anonymous_7)","decl":{"start":{"line":61,"column":43},"end":{"line":61,"column":44}},"loc":{"start":{"line":61,"column":58},"end":{"line":85,"column":3}},"line":61},"8":{"name":"(anonymous_8)","decl":{"start":{"line":71,"column":34},"end":{"line":71,"column":35}},"loc":{"start":{"line":71,"column":40},"end":{"line":78,"column":5}},"line":71},"9":{"name":"(anonymous_9)","decl":{"start":{"line":93,"column":15},"end":{"line":93,"column":16}},"loc":{"start":{"line":94,"column":4},"end":{"line":96,"column":11}},"line":94},"10":{"name":"(anonymous_10)","decl":{"start":{"line":98,"column":21},"end":{"line":98,"column":22}},"loc":{"start":{"line":99,"column":4},"end":{"line":114,"column":13}},"line":99},"11":{"name":"(anonymous_11)","decl":{"start":{"line":105,"column":21},"end":{"line":105,"column":22}},"loc":{"start":{"line":105,"column":29},"end":{"line":105,"column":66}},"line":105},"12":{"name":"(anonymous_12)","decl":{"start":{"line":107,"column":29},"end":{"line":107,"column":30}},"loc":{"start":{"line":107,"column":39},"end":{"line":107,"column":40}},"line":107},"13":{"name":"(anonymous_13)","decl":{"start":{"line":107,"column":46},"end":{"line":107,"column":47}},"loc":{"start":{"line":108,"column":8},"end":{"line":112,"column":10}},"line":108},"14":{"name":"(anonymous_14)","decl":{"start":{"line":116,"column":17},"end":{"line":116,"column":18}},"loc":{"start":{"line":117,"column":4},"end":{"line":119,"column":11}},"line":117},"15":{"name":"(anonymous_15)","decl":{"start":{"line":121,"column":23},"end":{"line":121,"column":24}},"loc":{"start":{"line":122,"column":4},"end":{"line":137,"column":13}},"line":122},"16":{"name":"(anonymous_16)","decl":{"start":{"line":128,"column":21},"end":{"line":128,"column":22}},"loc":{"start":{"line":128,"column":31},"end":{"line":128,"column":72}},"line":128},"17":{"name":"(anonymous_17)","decl":{"start":{"line":130,"column":29},"end":{"line":130,"column":30}},"loc":{"start":{"line":130,"column":39},"end":{"line":130,"column":40}},"line":130},"18":{"name":"(anonymous_18)","decl":{"start":{"line":130,"column":46},"end":{"line":130,"column":47}},"loc":{"start":{"line":131,"column":8},"end":{"line":135,"column":10}},"line":131},"19":{"name":"(anonymous_19)","decl":{"start":{"line":146,"column":15},"end":{"line":146,"column":16}},"loc":{"start":{"line":146,"column":21},"end":{"line":152,"column":3}},"line":146},"20":{"name":"(anonymous_20)","decl":{"start":{"line":154,"column":2},"end":{"line":154,"column":3}},"loc":{"start":{"line":154,"column":11},"end":{"line":260,"column":3}},"line":154},"21":{"name":"(anonymous_21)","decl":{"start":{"line":182,"column":33},"end":{"line":182,"column":34}},"loc":{"start":{"line":182,"column":39},"end":{"line":182,"column":64}},"line":182},"22":{"name":"(anonymous_22)","decl":{"start":{"line":206,"column":35},"end":{"line":206,"column":36}},"loc":{"start":{"line":206,"column":41},"end":{"line":206,"column":63}},"line":206}},"branchMap":{"0":{"loc":{"start":{"line":62,"column":4},"end":{"line":69,"column":5}},"type":"if","locations":[{"start":{"line":62,"column":4},"end":{"line":69,"column":5}},{"start":{"line":62,"column":4},"end":{"line":69,"column":5}}],"line":62},"1":{"loc":{"start":{"line":133,"column":17},"end":{"line":133,"column":50}},"type":"cond-expr","locations":[{"start":{"line":133,"column":30},"end":{"line":133,"column":39}},{"start":{"line":133,"column":42},"end":{"line":133,"column":50}}],"line":133},"2":{"loc":{"start":{"line":134,"column":17},"end":{"line":134,"column":50}},"type":"cond-expr","locations":[{"start":{"line":134,"column":30},"end":{"line":134,"column":39}},{"start":{"line":134,"column":42},"end":{"line":134,"column":50}}],"line":134},"3":{"loc":{"start":{"line":148,"column":4},"end":{"line":150,"column":5}},"type":"if","locations":[{"start":{"line":148,"column":4},"end":{"line":150,"column":5}},{"start":{"line":148,"column":4},"end":{"line":150,"column":5}}],"line":148},"4":{"loc":{"start":{"line":151,"column":11},"end":{"line":151,"column":36}},"type":"cond-expr","locations":[{"start":{"line":151,"column":25},"end":{"line":151,"column":29}},{"start":{"line":151,"column":32},"end":{"line":151,"column":36}}],"line":151},"5":{"loc":{"start":{"line":192,"column":15},"end":{"line":194,"column":35}},"type":"cond-expr","locations":[{"start":{"line":193,"column":18},"end":{"line":193,"column":41}},{"start":{"line":194,"column":18},"end":{"line":194,"column":35}}],"line":192},"6":{"loc":{"start":{"line":196,"column":15},"end":{"line":198,"column":37}},"type":"cond-expr","locations":[{"start":{"line":197,"column":18},"end":{"line":197,"column":43}},{"start":{"line":198,"column":18},"end":{"line":198,"column":37}}],"line":196},"7":{"loc":{"start":{"line":203,"column":17},"end":{"line":212,"column":17}},"type":"binary-expr","locations":[{"start":{"line":203,"column":17},"end":{"line":203,"column":34}},{"start":{"line":204,"column":18},"end":{"line":211,"column":20}}],"line":203}},"s":{"0":1,"1":1,"2":1,"3":1,"4":0,"5":0,"6":0,"7":2,"8":2,"9":6,"10":6,"11":3,"12":3,"13":3,"14":0,"15":0,"16":3,"17":5,"18":6,"19":0,"20":72,"21":72,"22":5,"23":6,"24":0,"25":360,"26":360,"27":9,"28":9,"29":4,"30":5,"31":9,"32":9,"33":6,"34":2},"f":{"0":1,"1":1,"2":0,"3":0,"4":2,"5":2,"6":6,"7":6,"8":0,"9":5,"10":6,"11":0,"12":72,"13":72,"14":5,"15":6,"16":0,"17":360,"18":360,"19":9,"20":9,"21":6,"22":2},"b":{"0":[3,3],"1":[60,300],"2":[60,300],"3":[4,5],"4":[4,1],"5":[5,4],"6":[5,4],"7":[9,5]},"_coverageSchema":"332fd63041d2c1bcb487cc26dd0d5f7d97098a6c","hash":"d50470fabaff1bc4c632f68cbc681bb66d74996d"}
,"C:\\rn-clock-angle\\App.styles.js": {"path":"C:\\rn-clock-angle\\App.styles.js","statementMap":{},"fnMap":{},"branchMap":{"0":{"loc":{"start":{"line":12,"column":16},"end":{"line":12,"column":68}},"type":"cond-expr","locations":[{"start":{"line":12,"column":40},"end":{"line":12,"column":42}},{"start":{"line":12,"column":45},"end":{"line":12,"column":68}}],"line":12}},"s":{},"f":{},"b":{"0":[1,0]},"_coverageSchema":"332fd63041d2c1bcb487cc26dd0d5f7d97098a6c","hash":"7451f08313c6507b0872c7ca732c8cb39713a716"}
,"C:\\rn-clock-angle\\src\\components\\Clock\\Clock.config.js": {"path":"C:\\rn-clock-angle\\src\\components\\Clock\\Clock.config.js","statementMap":{},"fnMap":{},"branchMap":{},"s":{},"f":{},"b":{},"_coverageSchema":"332fd63041d2c1bcb487cc26dd0d5f7d97098a6c","hash":"364b10cfdae96def30943967098bf85c8f507218"}
,"C:\\rn-clock-angle\\src\\components\\Clock\\Clock.js": {"path":"C:\\rn-clock-angle\\src\\components\\Clock\\Clock.js","statementMap":{"0":{"start":{"line":13,"column":19},"end":{"line":14,"column":63}},"1":{"start":{"line":15,"column":21},"end":{"line":15,"column":71}},"2":{"start":{"line":16,"column":21},"end":{"line":16,"column":39}},"3":{"start":{"line":23,"column":22},"end":{"line":31,"column":3}},"4":{"start":{"line":32,"column":23},"end":{"line":38,"column":3}},"5":{"start":{"line":39,"column":21},"end":{"line":46,"column":3}},"6":{"start":{"line":53,"column":26},"end":{"line":66,"column":3}},"7":{"start":{"line":67,"column":28},"end":{"line":80,"column":3}},"8":{"start":{"line":81,"column":28},"end":{"line":94,"column":3}},"9":{"start":{"line":102,"column":47},"end":{"line":102,"column":57}},"10":{"start":{"line":103,"column":4},"end":{"line":111,"column":5}},"11":{"start":{"line":114,"column":51},"end":{"line":114,"column":61}},"12":{"start":{"line":115,"column":4},"end":{"line":123,"column":5}},"13":{"start":{"line":126,"column":70},"end":{"line":126,"column":80}},"14":{"start":{"line":127,"column":4},"end":{"line":127,"column":53}},"15":{"start":{"line":127,"column":27},"end":{"line":127,"column":53}},"16":{"start":{"line":128,"column":4},"end":{"line":136,"column":5}},"17":{"start":{"line":140,"column":4},"end":{"line":151,"column":5}},"18":{"start":{"line":155,"column":0},"end":{"line":181,"column":1}}},"fnMap":{"0":{"name":"(anonymous_0)","decl":{"start":{"line":13,"column":12},"end":{"line":13,"column":13}},"loc":{"start":{"line":13,"column":19},"end":{"line":14,"column":63}},"line":13},"1":{"name":"(anonymous_1)","decl":{"start":{"line":15,"column":14},"end":{"line":15,"column":15}},"loc":{"start":{"line":15,"column":21},"end":{"line":15,"column":71}},"line":15},"2":{"name":"(anonymous_2)","decl":{"start":{"line":16,"column":14},"end":{"line":16,"column":15}},"loc":{"start":{"line":16,"column":21},"end":{"line":16,"column":39}},"line":16},"3":{"name":"(anonymous_3)","decl":{"start":{"line":23,"column":15},"end":{"line":23,"column":16}},"loc":{"start":{"line":23,"column":22},"end":{"line":31,"column":3}},"line":23},"4":{"name":"(anonymous_4)","decl":{"start":{"line":32,"column":16},"end":{"line":32,"column":17}},"loc":{"start":{"line":32,"column":23},"end":{"line":38,"column":3}},"line":32},"5":{"name":"(anonymous_5)","decl":{"start":{"line":39,"column":14},"end":{"line":39,"column":15}},"loc":{"start":{"line":39,"column":21},"end":{"line":46,"column":3}},"line":39},"6":{"name":"(anonymous_6)","decl":{"start":{"line":53,"column":19},"end":{"line":53,"column":20}},"loc":{"start":{"line":53,"column":26},"end":{"line":66,"column":3}},"line":53},"7":{"name":"(anonymous_7)","decl":{"start":{"line":67,"column":21},"end":{"line":67,"column":22}},"loc":{"start":{"line":67,"column":28},"end":{"line":80,"column":3}},"line":67},"8":{"name":"(anonymous_8)","decl":{"start":{"line":81,"column":21},"end":{"line":81,"column":22}},"loc":{"start":{"line":81,"column":28},"end":{"line":94,"column":3}},"line":81},"9":{"name":"(anonymous_9)","decl":{"start":{"line":101,"column":19},"end":{"line":101,"column":20}},"loc":{"start":{"line":101,"column":25},"end":{"line":112,"column":3}},"line":101},"10":{"name":"(anonymous_10)","decl":{"start":{"line":113,"column":21},"end":{"line":113,"column":22}},"loc":{"start":{"line":113,"column":27},"end":{"line":124,"column":3}},"line":113},"11":{"name":"(anonymous_11)","decl":{"start":{"line":125,"column":21},"end":{"line":125,"column":22}},"loc":{"start":{"line":125,"column":27},"end":{"line":137,"column":3}},"line":125},"12":{"name":"(anonymous_12)","decl":{"start":{"line":139,"column":2},"end":{"line":139,"column":3}},"loc":{"start":{"line":139,"column":11},"end":{"line":152,"column":3}},"line":139}},"branchMap":{"0":{"loc":{"start":{"line":64,"column":25},"end":{"line":64,"column":81}},"type":"cond-expr","locations":[{"start":{"line":64,"column":53},"end":{"line":64,"column":77}},{"start":{"line":64,"column":80},"end":{"line":64,"column":81}}],"line":64},"1":{"loc":{"start":{"line":65,"column":28},"end":{"line":65,"column":84}},"type":"cond-expr","locations":[{"start":{"line":65,"column":56},"end":{"line":65,"column":80}},{"start":{"line":65,"column":83},"end":{"line":65,"column":84}}],"line":65},"2":{"loc":{"start":{"line":78,"column":25},"end":{"line":78,"column":85}},"type":"cond-expr","locations":[{"start":{"line":78,"column":55},"end":{"line":78,"column":81}},{"start":{"line":78,"column":84},"end":{"line":78,"column":85}}],"line":78},"3":{"loc":{"start":{"line":79,"column":26},"end":{"line":79,"column":86}},"type":"cond-expr","locations":[{"start":{"line":79,"column":56},"end":{"line":79,"column":82}},{"start":{"line":79,"column":85},"end":{"line":79,"column":86}}],"line":79},"4":{"loc":{"start":{"line":92,"column":25},"end":{"line":92,"column":85}},"type":"cond-expr","locations":[{"start":{"line":92,"column":55},"end":{"line":92,"column":81}},{"start":{"line":92,"column":84},"end":{"line":92,"column":85}}],"line":92},"5":{"loc":{"start":{"line":93,"column":26},"end":{"line":93,"column":86}},"type":"cond-expr","locations":[{"start":{"line":93,"column":56},"end":{"line":93,"column":82}},{"start":{"line":93,"column":85},"end":{"line":93,"column":86}}],"line":93},"6":{"loc":{"start":{"line":127,"column":4},"end":{"line":127,"column":53}},"type":"if","locations":[{"start":{"line":127,"column":4},"end":{"line":127,"column":53}},{"start":{"line":127,"column":4},"end":{"line":127,"column":53}}],"line":127}},"s":{"0":11,"1":11,"2":6,"3":11,"4":11,"5":11,"6":11,"7":11,"8":6,"9":10,"10":10,"11":10,"12":10,"13":10,"14":10,"15":5,"16":5,"17":10,"18":2},"f":{"0":11,"1":11,"2":6,"3":11,"4":11,"5":11,"6":11,"7":11,"8":6,"9":10,"10":10,"11":10,"12":10},"b":{"0":[11,0],"1":[11,0],"2":[11,0],"3":[11,0],"4":[6,0],"5":[6,0],"6":[5,5]},"_coverageSchema":"332fd63041d2c1bcb487cc26dd0d5f7d97098a6c","hash":"de94f287b688a25a624d3329acffbeabc1db2566"}
,"C:\\rn-clock-angle\\src\\components\\Clock\\Clock.styles.js": {"path":"C:\\rn-clock-angle\\src\\components\\Clock\\Clock.styles.js","statementMap":{},"fnMap":{},"branchMap":{},"s":{},"f":{},"b":{},"_coverageSchema":"332fd63041d2c1bcb487cc26dd0d5f7d97098a6c","hash":"4db7c64ae9fe6a9e84e003ac805187bcd295ad0d"}
,"C:\\rn-clock-angle\\src\\images\\mockLogo.jpg": {"path":"C:\\rn-clock-angle\\src\\images\\mockLogo.jpg","statementMap":{"0":{"start":{"line":1,"column":0},"end":{"line":1,"column":19}}},"fnMap":{},"branchMap":{},"s":{"0":1},"f":{},"b":{},"_coverageSchema":"332fd63041d2c1bcb487cc26dd0d5f7d97098a6c","hash":"62ed69708b34f8ca2e9928abdd3c9a7b4d906106"}
,"C:\\rn-clock-angle\\src\\utils\\angleUtils.js": {"path":"C:\\rn-clock-angle\\src\\utils\\angleUtils.js","statementMap":{"0":{"start":{"line":1,"column":27},"end":{"line":21,"column":1}},"1":{"start":{"line":2,"column":2},"end":{"line":2,"column":68}},"2":{"start":{"line":2,"column":13},"end":{"line":2,"column":68}},"3":{"start":{"line":3,"column":2},"end":{"line":3,"column":84}},"4":{"start":{"line":3,"column":29},"end":{"line":3,"column":84}},"5":{"start":{"line":4,"column":2},"end":{"line":4,"column":69}},"6":{"start":{"line":4,"column":12},"end":{"line":4,"column":69}},"7":{"start":{"line":5,"column":2},"end":{"line":5,"column":86}},"8":{"start":{"line":5,"column":29},"end":{"line":5,"column":86}},"9":{"start":{"line":7,"column":22},"end":{"line":7,"column":73}},"10":{"start":{"line":8,"column":30},"end":{"line":8,"column":87}},"11":{"start":{"line":10,"column":2},"end":{"line":15,"column":3}},"12":{"start":{"line":11,"column":4},"end":{"line":14,"column":5}},"13":{"start":{"line":17,"column":2},"end":{"line":20,"column":3}},"14":{"start":{"line":23,"column":27},"end":{"line":26,"column":1}},"15":{"start":{"line":24,"column":14},"end":{"line":24,"column":18}},"16":{"start":{"line":25,"column":2},"end":{"line":25,"column":12}}},"fnMap":{"0":{"name":"(anonymous_0)","decl":{"start":{"line":1,"column":27},"end":{"line":1,"column":28}},"loc":{"start":{"line":1,"column":42},"end":{"line":21,"column":1}},"line":1},"1":{"name":"(anonymous_1)","decl":{"start":{"line":23,"column":27},"end":{"line":23,"column":28}},"loc":{"start":{"line":23,"column":33},"end":{"line":26,"column":1}},"line":23}},"branchMap":{"0":{"loc":{"start":{"line":2,"column":2},"end":{"line":2,"column":68}},"type":"if","locations":[{"start":{"line":2,"column":2},"end":{"line":2,"column":68}},{"start":{"line":2,"column":2},"end":{"line":2,"column":68}}],"line":2},"1":{"loc":{"start":{"line":3,"column":2},"end":{"line":3,"column":84}},"type":"if","locations":[{"start":{"line":3,"column":2},"end":{"line":3,"column":84}},{"start":{"line":3,"column":2},"end":{"line":3,"column":84}}],"line":3},"2":{"loc":{"start":{"line":3,"column":6},"end":{"line":3,"column":27}},"type":"binary-expr","locations":[{"start":{"line":3,"column":6},"end":{"line":3,"column":14}},{"start":{"line":3,"column":18},"end":{"line":3,"column":27}}],"line":3},"3":{"loc":{"start":{"line":4,"column":2},"end":{"line":4,"column":69}},"type":"if","locations":[{"start":{"line":4,"column":2},"end":{"line":4,"column":69}},{"start":{"line":4,"column":2},"end":{"line":4,"column":69}}],"line":4},"4":{"loc":{"start":{"line":5,"column":2},"end":{"line":5,"column":86}},"type":"if","locations":[{"start":{"line":5,"column":2},"end":{"line":5,"column":86}},{"start":{"line":5,"column":2},"end":{"line":5,"column":86}}],"line":5},"5":{"loc":{"start":{"line":5,"column":6},"end":{"line":5,"column":27}},"type":"binary-expr","locations":[{"start":{"line":5,"column":6},"end":{"line":5,"column":14}},{"start":{"line":5,"column":18},"end":{"line":5,"column":27}}],"line":5},"6":{"loc":{"start":{"line":10,"column":2},"end":{"line":15,"column":3}},"type":"if","locations":[{"start":{"line":10,"column":2},"end":{"line":15,"column":3}},{"start":{"line":10,"column":2},"end":{"line":15,"column":3}}],"line":10}},"s":{"0":2,"1":29,"2":3,"3":26,"4":1,"5":25,"6":1,"7":24,"8":2,"9":22,"10":22,"11":22,"12":9,"13":13,"14":2,"15":0,"16":0},"f":{"0":29,"1":0},"b":{"0":[3,26],"1":[1,25],"2":[26,26],"3":[1,24],"4":[2,22],"5":[24,23],"6":[9,13]},"_coverageSchema":"332fd63041d2c1bcb487cc26dd0d5f7d97098a6c","hash":"d7f4d072a4c15bba1d6e86e3589ae5e4c291fa19"}
,"C:\\rn-clock-angle\\src\\utils\\timeUtils.js": {"path":"C:\\rn-clock-angle\\src\\utils\\timeUtils.js","statementMap":{"0":{"start":{"line":5,"column":24},"end":{"line":10,"column":1}},"1":{"start":{"line":6,"column":2},"end":{"line":6,"column":24}},"2":{"start":{"line":6,"column":15},"end":{"line":6,"column":24}},"3":{"start":{"line":7,"column":2},"end":{"line":7,"column":91}},"4":{"start":{"line":7,"column":10},"end":{"line":7,"column":91}},"5":{"start":{"line":8,"column":2},"end":{"line":8,"column":27}},"6":{"start":{"line":8,"column":14},"end":{"line":8,"column":27}},"7":{"start":{"line":9,"column":2},"end":{"line":9,"column":10}},"8":{"start":{"line":16,"column":26},"end":{"line":21,"column":1}},"9":{"start":{"line":17,"column":2},"end":{"line":17,"column":26}},"10":{"start":{"line":17,"column":15},"end":{"line":17,"column":26}},"11":{"start":{"line":18,"column":2},"end":{"line":18,"column":97}},"12":{"start":{"line":18,"column":10},"end":{"line":18,"column":97}},"13":{"start":{"line":19,"column":2},"end":{"line":19,"column":28}},"14":{"start":{"line":19,"column":14},"end":{"line":19,"column":28}},"15":{"start":{"line":20,"column":2},"end":{"line":20,"column":21}},"16":{"start":{"line":27,"column":24},"end":{"line":32,"column":1}},"17":{"start":{"line":28,"column":2},"end":{"line":28,"column":26}},"18":{"start":{"line":28,"column":15},"end":{"line":28,"column":26}},"19":{"start":{"line":29,"column":2},"end":{"line":29,"column":91}},"20":{"start":{"line":29,"column":10},"end":{"line":29,"column":91}},"21":{"start":{"line":30,"column":2},"end":{"line":30,"column":25}},"22":{"start":{"line":30,"column":14},"end":{"line":30,"column":25}},"23":{"start":{"line":31,"column":2},"end":{"line":31,"column":13}}},"fnMap":{"0":{"name":"(anonymous_0)","decl":{"start":{"line":5,"column":24},"end":{"line":5,"column":25}},"loc":{"start":{"line":5,"column":31},"end":{"line":10,"column":1}},"line":5},"1":{"name":"(anonymous_1)","decl":{"start":{"line":16,"column":26},"end":{"line":16,"column":27}},"loc":{"start":{"line":16,"column":33},"end":{"line":21,"column":1}},"line":16},"2":{"name":"(anonymous_2)","decl":{"start":{"line":27,"column":24},"end":{"line":27,"column":25}},"loc":{"start":{"line":27,"column":31},"end":{"line":32,"column":1}},"line":27}},"branchMap":{"0":{"loc":{"start":{"line":6,"column":2},"end":{"line":6,"column":24}},"type":"if","locations":[{"start":{"line":6,"column":2},"end":{"line":6,"column":24}},{"start":{"line":6,"column":2},"end":{"line":6,"column":24}}],"line":6},"1":{"loc":{"start":{"line":7,"column":2},"end":{"line":7,"column":91}},"type":"if","locations":[{"start":{"line":7,"column":2},"end":{"line":7,"column":91}},{"start":{"line":7,"column":2},"end":{"line":7,"column":91}}],"line":7},"2":{"loc":{"start":{"line":8,"column":2},"end":{"line":8,"column":27}},"type":"if","locations":[{"start":{"line":8,"column":2},"end":{"line":8,"column":27}},{"start":{"line":8,"column":2},"end":{"line":8,"column":27}}],"line":8},"3":{"loc":{"start":{"line":17,"column":2},"end":{"line":17,"column":26}},"type":"if","locations":[{"start":{"line":17,"column":2},"end":{"line":17,"column":26}},{"start":{"line":17,"column":2},"end":{"line":17,"column":26}}],"line":17},"4":{"loc":{"start":{"line":18,"column":2},"end":{"line":18,"column":97}},"type":"if","locations":[{"start":{"line":18,"column":2},"end":{"line":18,"column":97}},{"start":{"line":18,"column":2},"end":{"line":18,"column":97}}],"line":18},"5":{"loc":{"start":{"line":19,"column":2},"end":{"line":19,"column":28}},"type":"if","locations":[{"start":{"line":19,"column":2},"end":{"line":19,"column":28}},{"start":{"line":19,"column":2},"end":{"line":19,"column":28}}],"line":19},"6":{"loc":{"start":{"line":28,"column":2},"end":{"line":28,"column":26}},"type":"if","locations":[{"start":{"line":28,"column":2},"end":{"line":28,"column":26}},{"start":{"line":28,"column":2},"end":{"line":28,"column":26}}],"line":28},"7":{"loc":{"start":{"line":29,"column":2},"end":{"line":29,"column":91}},"type":"if","locations":[{"start":{"line":29,"column":2},"end":{"line":29,"column":91}},{"start":{"line":29,"column":2},"end":{"line":29,"column":91}}],"line":29},"8":{"loc":{"start":{"line":30,"column":2},"end":{"line":30,"column":25}},"type":"if","locations":[{"start":{"line":30,"column":2},"end":{"line":30,"column":25}},{"start":{"line":30,"column":2},"end":{"line":30,"column":25}}],"line":30}},"s":{"0":2,"1":27,"2":14,"3":13,"4":1,"5":12,"6":1,"7":11,"8":2,"9":33,"10":15,"11":18,"12":1,"13":17,"14":1,"15":16,"16":2,"17":9,"18":5,"19":4,"20":1,"21":3,"22":1,"23":2},"f":{"0":27,"1":33,"2":9},"b":{"0":[14,13],"1":[1,12],"2":[1,11],"3":[15,18],"4":[1,17],"5":[1,16],"6":[5,4],"7":[1,3],"8":[1,2]},"_coverageSchema":"332fd63041d2c1bcb487cc26dd0d5f7d97098a6c","hash":"d5ceb367a94202283a87b6be40ce9e3d956c1878"}
}
