TN:
SF:C:\rn-clock-angle\App.js
FN:14,(anonymous_0)
FN:29,(anonymous_1)
FN:30,(anonymous_2)
FN:44,(anonymous_3)
FN:52,(anonymous_4)
FN:52,(anonymous_5)
FN:61,(anonymous_6)
FN:61,(anonymous_7)
FN:71,(anonymous_8)
FN:93,(anonymous_9)
FN:98,(anonymous_10)
FN:105,(anonymous_11)
FN:107,(anonymous_12)
FN:107,(anonymous_13)
FN:116,(anonymous_14)
FN:121,(anonymous_15)
FN:128,(anonymous_16)
FN:130,(anonymous_17)
FN:130,(anonymous_18)
FN:146,(anonymous_19)
FN:154,(anonymous_20)
FN:182,(anonymous_21)
FN:206,(anonymous_22)
FNF:23
FNH:18
FNDA:1,(anonymous_0)
FNDA:1,(anonymous_1)
FNDA:0,(anonymous_2)
FNDA:0,(anonymous_3)
FNDA:2,(anonymous_4)
FNDA:2,(anonymous_5)
FNDA:6,(anonymous_6)
FNDA:6,(anonymous_7)
FNDA:0,(anonymous_8)
FNDA:5,(anonymous_9)
FNDA:6,(anonymous_10)
FNDA:0,(anonymous_11)
FNDA:72,(anonymous_12)
FNDA:72,(anonymous_13)
FNDA:5,(anonymous_14)
FNDA:6,(anonymous_15)
FNDA:0,(anonymous_16)
FNDA:360,(anonymous_17)
FNDA:360,(anonymous_18)
FNDA:9,(anonymous_19)
FNDA:9,(anonymous_20)
FNDA:6,(anonymous_21)
FNDA:2,(anonymous_22)
DA:15,1
DA:16,1
DA:23,1
DA:30,1
DA:31,0
DA:32,0
DA:45,0
DA:52,2
DA:61,6
DA:62,6
DA:63,3
DA:64,3
DA:71,3
DA:72,0
DA:73,0
DA:79,3
DA:94,5
DA:99,6
DA:105,0
DA:107,72
DA:108,72
DA:117,5
DA:122,6
DA:128,0
DA:130,360
DA:131,360
DA:147,9
DA:148,9
DA:149,4
DA:151,5
DA:158,9
DA:159,9
DA:182,6
DA:206,2
LF:34
LH:27
BRDA:62,0,0,3
BRDA:62,0,1,3
BRDA:133,1,0,60
BRDA:133,1,1,300
BRDA:134,2,0,60
BRDA:134,2,1,300
BRDA:148,3,0,4
BRDA:148,3,1,5
BRDA:151,4,0,4
BRDA:151,4,1,1
BRDA:192,5,0,5
BRDA:192,5,1,4
BRDA:196,6,0,5
BRDA:196,6,1,4
BRDA:203,7,0,9
BRDA:203,7,1,5
BRF:16
BRH:16
end_of_record
TN:
SF:C:\rn-clock-angle\App.styles.js
FNF:0
FNH:0
LF:0
LH:0
BRDA:12,0,0,1
BRDA:12,0,1,0
BRF:2
BRH:1
end_of_record
TN:
SF:C:\rn-clock-angle\src\components\Clock\Clock.config.js
FNF:0
FNH:0
LF:0
LH:0
BRF:0
BRH:0
end_of_record
TN:
SF:C:\rn-clock-angle\src\components\Clock\Clock.js
FN:13,(anonymous_0)
FN:15,(anonymous_1)
FN:16,(anonymous_2)
FN:23,(anonymous_3)
FN:32,(anonymous_4)
FN:39,(anonymous_5)
FN:53,(anonymous_6)
FN:67,(anonymous_7)
FN:81,(anonymous_8)
FN:101,(anonymous_9)
FN:113,(anonymous_10)
FN:125,(anonymous_11)
FN:139,(anonymous_12)
FNF:13
FNH:13
FNDA:11,(anonymous_0)
FNDA:11,(anonymous_1)
FNDA:6,(anonymous_2)
FNDA:11,(anonymous_3)
FNDA:11,(anonymous_4)
FNDA:11,(anonymous_5)
FNDA:11,(anonymous_6)
FNDA:11,(anonymous_7)
FNDA:6,(anonymous_8)
FNDA:10,(anonymous_9)
FNDA:10,(anonymous_10)
FNDA:10,(anonymous_11)
FNDA:10,(anonymous_12)
DA:13,11
DA:15,11
DA:16,6
DA:23,11
DA:32,11
DA:39,11
DA:53,11
DA:67,11
DA:81,6
DA:102,10
DA:103,10
DA:114,10
DA:115,10
DA:126,10
DA:127,10
DA:128,5
DA:140,10
DA:155,2
LF:18
LH:18
BRDA:64,0,0,11
BRDA:64,0,1,0
BRDA:65,1,0,11
BRDA:65,1,1,0
BRDA:78,2,0,11
BRDA:78,2,1,0
BRDA:79,3,0,11
BRDA:79,3,1,0
BRDA:92,4,0,6
BRDA:92,4,1,0
BRDA:93,5,0,6
BRDA:93,5,1,0
BRDA:127,6,0,5
BRDA:127,6,1,5
BRF:14
BRH:8
end_of_record
TN:
SF:C:\rn-clock-angle\src\components\Clock\Clock.styles.js
FNF:0
FNH:0
LF:0
LH:0
BRF:0
BRH:0
end_of_record
TN:
SF:C:\rn-clock-angle\src\images\mockLogo.jpg
FNF:0
FNH:0
DA:1,1
LF:1
LH:1
BRF:0
BRH:0
end_of_record
TN:
SF:C:\rn-clock-angle\src\utils\angleUtils.js
FN:1,(anonymous_0)
FN:23,(anonymous_1)
FNF:2
FNH:1
FNDA:29,(anonymous_0)
FNDA:0,(anonymous_1)
DA:1,2
DA:2,29
DA:3,26
DA:4,25
DA:5,24
DA:7,22
DA:8,22
DA:10,22
DA:11,9
DA:17,13
DA:23,2
DA:24,0
DA:25,0
LF:13
LH:11
BRDA:2,0,0,3
BRDA:2,0,1,26
BRDA:3,1,0,1
BRDA:3,1,1,25
BRDA:3,2,0,26
BRDA:3,2,1,26
BRDA:4,3,0,1
BRDA:4,3,1,24
BRDA:5,4,0,2
BRDA:5,4,1,22
BRDA:5,5,0,24
BRDA:5,5,1,23
BRDA:10,6,0,9
BRDA:10,6,1,13
BRF:14
BRH:14
end_of_record
TN:
SF:C:\rn-clock-angle\src\utils\timeUtils.js
FN:5,(anonymous_0)
FN:16,(anonymous_1)
FN:27,(anonymous_2)
FNF:3
FNH:3
FNDA:27,(anonymous_0)
FNDA:33,(anonymous_1)
FNDA:9,(anonymous_2)
DA:5,2
DA:6,27
DA:7,13
DA:8,12
DA:9,11
DA:16,2
DA:17,33
DA:18,18
DA:19,17
DA:20,16
DA:27,2
DA:28,9
DA:29,4
DA:30,3
DA:31,2
LF:15
LH:15
BRDA:6,0,0,14
BRDA:6,0,1,13
BRDA:7,1,0,1
BRDA:7,1,1,12
BRDA:8,2,0,1
BRDA:8,2,1,11
BRDA:17,3,0,15
BRDA:17,3,1,18
BRDA:18,4,0,1
BRDA:18,4,1,17
BRDA:19,5,0,1
BRDA:19,5,1,16
BRDA:28,6,0,5
BRDA:28,6,1,4
BRDA:29,7,0,1
BRDA:29,7,1,3
BRDA:30,8,0,1
BRDA:30,8,1,2
BRF:18
BRH:18
end_of_record
